<?xml version="1.0" encoding="UTF-8"?>
<!-- Generated by org.testng.reporters.JUnitReportReporter -->
<testsuite hostname="DESKTOP-9UKQG8I" failures="0" tests="1" name="testCaseUsingBaseclass.CreateCampaignsTest" time="41.919" errors="0" timestamp="2024-10-04T15:40:25 IST" skipped="0">
  <testcase classname="testCaseUsingBaseclass.CreateCampaignsTest" name="createCampaigns" time="41.919"/>
</testsuite> <!-- testCaseUsingBaseclass.CreateCampaignsTest -->
