<?xml version="1.0" encoding="UTF-8"?>
<!-- Generated by org.testng.reporters.JUnitReportReporter -->
<testsuite hostname="DESKTOP-9UKQG8I" failures="0" tests="4" name="TestNgPractice.DataProviderEx3" time="73.391" errors="0" timestamp="2024-09-20T15:08:25 IST" skipped="0">
  <testcase classname="TestNgPractice.DataProviderEx3" name="organizationModuleTest" time="18.787"/>
  <testcase classname="TestNgPractice.DataProviderEx3" name="organizationModuleTest" time="19.268"/>
  <testcase classname="TestNgPractice.DataProviderEx3" name="organizationModuleTest" time="17.627"/>
  <testcase classname="TestNgPractice.DataProviderEx3" name="organizationModuleTest" time="17.709"/>
</testsuite> <!-- TestNgPractice.DataProviderEx3 -->
