<?xml version="1.0" encoding="UTF-8"?>
<!-- Generated by org.testng.reporters.JUnitReportReporter -->
<testsuite hostname="DESKTOP-9UKQG8I" failures="0" tests="1" name="Assertion.HardAssertEx2" time="6.584" errors="0" timestamp="2024-09-25T16:22:46 IST" skipped="0">
  <testcase classname="Assertion.HardAssertEx2" name="login" time="6.584"/>
</testsuite> <!-- Assertion.HardAssertEx2 -->
