<?xml version="1.0" encoding="UTF-8"?>
<!-- Generated by org.testng.reporters.JUnitReportReporter -->
<testsuite hostname="DESKTOP-9UKQG8I" failures="0" tests="3" name="TestNgPractice.DataProviderEx2" time="55.749" errors="0" timestamp="2024-09-19T15:51:53 IST" skipped="0">
  <testcase classname="TestNgPractice.DataProviderEx2" name="organizationModuleTest" time="20.373"/>
  <testcase classname="TestNgPractice.DataProviderEx2" name="organizationModuleTest" time="17.858"/>
  <testcase classname="TestNgPractice.DataProviderEx2" name="organizationModuleTest" time="17.518"/>
</testsuite> <!-- TestNgPractice.DataProviderEx2 -->
