<?xml version="1.0" encoding="UTF-8"?>
<!-- Generated by org.testng.reporters.JUnitReportReporter -->
<testsuite hostname="DESKTOP-9UKQG8I" failures="0" tests="2" name="TestNgPractice.DataProviderEx1" time="0.022" errors="0" timestamp="2024-09-19T15:01:24 IST" skipped="0">
  <testcase classname="TestNgPractice.DataProviderEx1" name="bookTickets" time="0.019"/>
  <testcase classname="TestNgPractice.DataProviderEx1" name="bookTickets" time="0.003"/>
</testsuite> <!-- TestNgPractice.DataProviderEx1 -->
