<?xml version="1.0" encoding="UTF-8"?>
<!-- Generated by org.testng.reporters.JUnitReportReporter -->
<testsuite hostname="DESKTOP-9UKQG8I" failures="0" tests="4" name="TestNgPractice.SampleTest2" time="0.016" errors="0" timestamp="2024-09-18T16:17:31 IST" skipped="1">
  <testcase classname="TestNgPractice.SampleTest2" name="deletedContact" time="0.001"/>
  <testcase classname="TestNgPractice.SampleTest2" name="createContact" time="0.001"/>
  <testcase classname="TestNgPractice.SampleTest2" name="createContact" time="0.014"/>
  <testcase classname="TestNgPractice.SampleTest2" name="modifyContact">
    <skipped/>
  </testcase> <!-- modifyContact -->
</testsuite> <!-- TestNgPractice.SampleTest2 -->
