<?xml version="1.0" encoding="UTF-8"?>
<!-- Generated by org.testng.reporters.JUnitReportReporter -->
<testsuite hostname="DESKTOP-9UKQG8I" failures="0" tests="3" name="TestNgPractice.SampleTest" time="0.017" errors="0" timestamp="2024-09-18T15:48:18 IST" skipped="0">
  <testcase classname="TestNgPractice.SampleTest" name="createContact" time="0.012"/>
  <testcase classname="TestNgPractice.SampleTest" name="deletedContact" time="0.004"/>
  <testcase classname="TestNgPractice.SampleTest" name="modifyContact" time="0.001"/>
</testsuite> <!-- TestNgPractice.SampleTest -->
